# JRE version: OpenJDK Runtime Environment Corretto-11.0.12.7.1 (11.0.12+7) (build 11.0.12+7-LTS)
# Java VM: OpenJDK 64-Bit Server VM Corretto-11.0.12.7.1 (11.0.12+7-LTS, mixed mode, tiered, compressed oops, g1 gc, windows-amd64)
Heap:
 garbage-first heap   total 370688K, used 199803K [0x0000000080000000, 0x0000000100000000)
  region size 1024K, 3 young (3072K), 3 survivors (3072K)
 Metaspace       used 102318K, capacity 104751K, committed 104904K, reserved 1140736K
  class space    used 13238K, capacity 14170K, committed 14208K, reserved 1048576K
GC Heap History (20 events):
Event: 36.308 GC heap after
{Heap after GC invocations=23 (full 0):
 garbage-first heap   total 260096K, used 168960K [0x0000000080000000, 0x0000000100000000)
  region size 1024K, 8 young (8192K), 8 survivors (8192K)
 Metaspace       used 99328K, capacity 101622K, committed 101832K, reserved 1138688K
  class space    used 12836K, capacity 13684K, committed 13696K, reserved 1048576K
}
Event: 36.512 GC heap before
{Heap before GC invocations=23 (full 0):
 garbage-first heap   total 260096K, used 204800K [0x0000000080000000, 0x0000000100000000)
  region size 1024K, 43 young (44032K), 8 survivors (8192K)
 Metaspace       used 99391K, capacity 101689K, committed 101832K, reserved 1138688K
  class space    used 12836K, capacity 13684K, committed 13696K, reserved 1048576K
}
Event: 36.540 GC heap after
{Heap after GC invocations=24 (full 0):
 garbage-first heap   total 260096K, used 187392K [0x0000000080000000, 0x0000000100000000)
  region size 1024K, 6 young (6144K), 6 survivors (6144K)
 Metaspace       used 99391K, capacity 101689K, committed 101832K, reserved 1138688K
  class space    used 12836K, capacity 13684K, committed 13696K, reserved 1048576K
}
Event: 36.895 GC heap before
{Heap before GC invocations=24 (full 0):
 garbage-first heap   total 260096K, used 209920K [0x0000000080000000, 0x0000000100000000)
  region size 1024K, 28 young (28672K), 6 survivors (6144K)
 Metaspace       used 99401K, capacity 101689K, committed 101832K, reserved 1138688K
  class space    used 12836K, capacity 13684K, committed 13696K, reserved 1048576K
}
Event: 36.909 GC heap after
{Heap after GC invocations=25 (full 0):
 garbage-first heap   total 260096K, used 198656K [0x0000000080000000, 0x0000000100000000)
  region size 1024K, 4 young (4096K), 4 survivors (4096K)
 Metaspace       used 99401K, capacity 101689K, committed 101832K, reserved 1138688K
  class space    used 12836K, capacity 13684K, committed 13696K, reserved 1048576K
}
Event: 37.023 GC heap before
{Heap before GC invocations=26 (full 0):
 garbage-first heap   total 260096K, used 214016K [0x0000000080000000, 0x0000000100000000)
  region size 1024K, 20 young (20480K), 4 survivors (4096K)
 Metaspace       used 99428K, capacity 101693K, committed 101832K, reserved 1138688K
  class space    used 12838K, capacity 13685K, committed 13696K, reserved 1048576K
}
Event: 37.032 GC heap after
{Heap after GC invocations=27 (full 0):
 garbage-first heap   total 260096K, used 207360K [0x0000000080000000, 0x0000000100000000)
  region size 1024K, 3 young (3072K), 3 survivors (3072K)
 Metaspace       used 99428K, capacity 101693K, committed 101832K, reserved 1138688K
  class space    used 12838K, capacity 13685K, committed 13696K, reserved 1048576K
}
Event: 37.265 GC heap before
{Heap before GC invocations=27 (full 0):
 garbage-first heap   total 260096K, used 218624K [0x0000000080000000, 0x0000000100000000)
  region size 1024K, 15 young (15360K), 3 survivors (3072K)
 Metaspace       used 101242K, capacity 103582K, committed 103752K, reserved 1138688K
  class space    used 13103K, capacity 13991K, committed 14080K, reserved 1048576K
}
Event: 37.271 GC heap after
{Heap after GC invocations=28 (full 0):
 garbage-first heap   total 260096K, used 210592K [0x0000000080000000, 0x0000000100000000)
  region size 1024K, 2 young (2048K), 2 survivors (2048K)
 Metaspace       used 101242K, capacity 103582K, committed 103752K, reserved 1138688K
  class space    used 13103K, capacity 13991K, committed 14080K, reserved 1048576K
}
Event: 37.390 GC heap before
{Heap before GC invocations=28 (full 0):
 garbage-first heap   total 260096K, used 221856K [0x0000000080000000, 0x0000000100000000)
  region size 1024K, 13 young (13312K), 2 survivors (2048K)
 Metaspace       used 101317K, capacity 103683K, committed 104008K, reserved 1138688K
  class space    used 13114K, capacity 14001K, committed 14080K, reserved 1048576K
}
Event: 37.398 GC heap after
{Heap after GC invocations=29 (full 0):
 garbage-first heap   total 260096K, used 212921K [0x0000000080000000, 0x0000000100000000)
  region size 1024K, 2 young (2048K), 2 survivors (2048K)
 Metaspace       used 101317K, capacity 103683K, committed 104008K, reserved 1138688K
  class space    used 13114K, capacity 14001K, committed 14080K, reserved 1048576K
}
Event: 37.705 GC heap before
{Heap before GC invocations=29 (full 0):
 garbage-first heap   total 260096K, used 210873K [0x0000000080000000, 0x0000000100000000)
  region size 1024K, 12 young (12288K), 2 survivors (2048K)
 Metaspace       used 101802K, capacity 104218K, committed 104392K, reserved 1140736K
  class space    used 13184K, capacity 14108K, committed 14208K, reserved 1048576K
}
Event: 37.711 GC heap after
{Heap after GC invocations=30 (full 0):
 garbage-first heap   total 260096K, used 202778K [0x0000000080000000, 0x0000000100000000)
  region size 1024K, 2 young (2048K), 2 survivors (2048K)
 Metaspace       used 101802K, capacity 104218K, committed 104392K, reserved 1140736K
  class space    used 13184K, capacity 14108K, committed 14208K, reserved 1048576K
}
Event: 37.828 GC heap before
{Heap before GC invocations=31 (full 0):
 garbage-first heap   total 260096K, used 217114K [0x0000000080000000, 0x0000000100000000)
  region size 1024K, 16 young (16384K), 2 survivors (2048K)
 Metaspace       used 101953K, capacity 104399K, committed 104648K, reserved 1140736K
  class space    used 13207K, capacity 14125K, committed 14208K, reserved 1048576K
}
Event: 37.831 GC heap after
{Heap after GC invocations=32 (full 0):
 garbage-first heap   total 260096K, used 204085K [0x0000000080000000, 0x0000000100000000)
  region size 1024K, 2 young (2048K), 2 survivors (2048K)
 Metaspace       used 101953K, capacity 104399K, committed 104648K, reserved 1140736K
  class space    used 13207K, capacity 14125K, committed 14208K, reserved 1048576K
}
Event: 37.904 GC heap before
{Heap before GC invocations=32 (full 0):
 garbage-first heap   total 260096K, used 214325K [0x0000000080000000, 0x0000000100000000)
  region size 1024K, 12 young (12288K), 2 survivors (2048K)
 Metaspace       used 102059K, capacity 104503K, committed 104648K, reserved 1140736K
  class space    used 13218K, capacity 14137K, committed 14208K, reserved 1048576K
}
Event: 37.919 GC heap after
{Heap after GC invocations=33 (full 0):
 garbage-first heap   total 260096K, used 194715K [0x0000000080000000, 0x0000000100000000)
  region size 1024K, 2 young (2048K), 2 survivors (2048K)
 Metaspace       used 102059K, capacity 104503K, committed 104648K, reserved 1140736K
  class space    used 13218K, capacity 14137K, committed 14208K, reserved 1048576K
}
Event: 38.037 GC heap before
{Heap before GC invocations=33 (full 0):
 garbage-first heap   total 260096K, used 213147K [0x0000000080000000, 0x0000000100000000)
  region size 1024K, 20 young (20480K), 2 survivors (2048K)
 Metaspace       used 102314K, capacity 104778K, committed 104904K, reserved 1140736K
  class space    used 13244K, capacity 14180K, committed 14208K, reserved 1048576K
}
Event: 38.041 GC heap after
{Heap after GC invocations=34 (full 0):
 garbage-first heap   total 260096K, used 196479K [0x0000000080000000, 0x0000000100000000)
  region size 1024K, 2 young (2048K), 2 survivors (2048K)
 Metaspace       used 102314K, capacity 104778K, committed 104904K, reserved 1140736K
  class space    used 13244K, capacity 14180K, committed 14208K, reserved 1048576K
}
Event: 38.388 GC heap before
{Heap before GC invocations=34 (full 0):
 garbage-first heap   total 260096K, used 216959K [0x0000000080000000, 0x0000000100000000)
  region size 1024K, 21 young (21504K), 2 survivors (2048K)
 Metaspace       used 102318K, capacity 104751K, committed 104904K, reserved 1140736K
  class space    used 13238K, capacity 14170K, committed 14208K, reserved 1048576K
}

