# JRE version: OpenJDK Runtime Environment Corretto-11.0.12.7.1 (11.0.12+7) (build 11.0.12+7-LTS)
# Java VM: OpenJDK 64-Bit Server VM Corretto-11.0.12.7.1 (11.0.12+7-LTS, mixed mode, tiered, compressed oops, g1 gc, windows-amd64)
Heap:
 garbage-first heap   total 312320K, used 144384K [0x0000000080000000, 0x0000000100000000)
  region size 1024K, 67 young (68608K), 10 survivors (10240K)
 Metaspace       used 90377K, capacity 92647K, committed 92876K, reserved 1130496K
  class space    used 11552K, capacity 12394K, committed 12492K, reserved 1048576K
GC Heap History (20 events):
Event: 2.125 GC heap before
{Heap before GC invocations=4 (full 0):
 garbage-first heap   total 260096K, used 36526K [0x0000000080000000, 0x0000000100000000)
  region size 1024K, 27 young (27648K), 6 survivors (6144K)
 Metaspace       used 20536K, capacity 21089K, committed 21248K, reserved 1067008K
  class space    used 2506K, capacity 2689K, committed 2816K, reserved 1048576K
}
Event: 2.128 GC heap after
{Heap after GC invocations=5 (full 0):
 garbage-first heap   total 260096K, used 16676K [0x0000000080000000, 0x0000000100000000)
  region size 1024K, 7 young (7168K), 7 survivors (7168K)
 Metaspace       used 20536K, capacity 21089K, committed 21248K, reserved 1067008K
  class space    used 2506K, capacity 2689K, committed 2816K, reserved 1048576K
}
Event: 2.608 GC heap before
{Heap before GC invocations=6 (full 0):
 garbage-first heap   total 260096K, used 75044K [0x0000000080000000, 0x0000000100000000)
  region size 1024K, 64 young (65536K), 7 survivors (7168K)
 Metaspace       used 26306K, capacity 27005K, committed 27008K, reserved 1073152K
  class space    used 3456K, capacity 3710K, committed 3712K, reserved 1048576K
}
Event: 2.616 GC heap after
{Heap after GC invocations=7 (full 0):
 garbage-first heap   total 260096K, used 18974K [0x0000000080000000, 0x0000000100000000)
  region size 1024K, 3 young (3072K), 3 survivors (3072K)
 Metaspace       used 26306K, capacity 27005K, committed 27008K, reserved 1073152K
  class space    used 3456K, capacity 3710K, committed 3712K, reserved 1048576K
}
Event: 3.142 GC heap before
{Heap before GC invocations=7 (full 0):
 garbage-first heap   total 260096K, used 71198K [0x0000000080000000, 0x0000000100000000)
  region size 1024K, 55 young (56320K), 3 survivors (3072K)
 Metaspace       used 34950K, capacity 35701K, committed 35840K, reserved 1081344K
  class space    used 4547K, capacity 4865K, committed 4992K, reserved 1048576K
}
Event: 3.147 GC heap after
{Heap after GC invocations=8 (full 0):
 garbage-first heap   total 260096K, used 22261K [0x0000000080000000, 0x0000000100000000)
  region size 1024K, 7 young (7168K), 7 survivors (7168K)
 Metaspace       used 34950K, capacity 35701K, committed 35840K, reserved 1081344K
  class space    used 4547K, capacity 4865K, committed 4992K, reserved 1048576K
}
Event: 3.969 GC heap before
{Heap before GC invocations=9 (full 0):
 garbage-first heap   total 260096K, used 130805K [0x0000000080000000, 0x0000000100000000)
  region size 1024K, 110 young (112640K), 7 survivors (7168K)
 Metaspace       used 43457K, capacity 44499K, committed 44544K, reserved 1087488K
  class space    used 5529K, capacity 5887K, committed 5888K, reserved 1048576K
}
Event: 3.978 GC heap after
{Heap after GC invocations=10 (full 0):
 garbage-first heap   total 260096K, used 28725K [0x0000000080000000, 0x0000000100000000)
  region size 1024K, 13 young (13312K), 13 survivors (13312K)
 Metaspace       used 43457K, capacity 44499K, committed 44544K, reserved 1087488K
  class space    used 5529K, capacity 5887K, committed 5888K, reserved 1048576K
}
Event: 5.299 GC heap before
{Heap before GC invocations=10 (full 0):
 garbage-first heap   total 260096K, used 178229K [0x0000000080000000, 0x0000000100000000)
  region size 1024K, 152 young (155648K), 13 survivors (13312K)
 Metaspace       used 55390K, capacity 56876K, committed 56960K, reserved 1099776K
  class space    used 6997K, capacity 7519K, committed 7552K, reserved 1048576K
}
Event: 5.314 GC heap after
{Heap after GC invocations=11 (full 0):
 garbage-first heap   total 260096K, used 50143K [0x0000000080000000, 0x0000000100000000)
  region size 1024K, 19 young (19456K), 19 survivors (19456K)
 Metaspace       used 55390K, capacity 56876K, committed 56960K, reserved 1099776K
  class space    used 6997K, capacity 7519K, committed 7552K, reserved 1048576K
}
Event: 5.524 GC heap before
{Heap before GC invocations=11 (full 0):
 garbage-first heap   total 260096K, used 70623K [0x0000000080000000, 0x0000000100000000)
  region size 1024K, 40 young (40960K), 19 survivors (19456K)
 Metaspace       used 58713K, capacity 60140K, committed 60160K, reserved 1101824K
  class space    used 7386K, capacity 7921K, committed 7936K, reserved 1048576K
}
Event: 5.537 GC heap after
{Heap after GC invocations=12 (full 0):
 garbage-first heap   total 260096K, used 52656K [0x0000000080000000, 0x0000000100000000)
  region size 1024K, 3 young (3072K), 3 survivors (3072K)
 Metaspace       used 58713K, capacity 60140K, committed 60160K, reserved 1101824K
  class space    used 7386K, capacity 7921K, committed 7936K, reserved 1048576K
}
Event: 6.453 GC heap before
{Heap before GC invocations=13 (full 0):
 garbage-first heap   total 260096K, used 143792K [0x0000000080000000, 0x0000000100000000)
  region size 1024K, 92 young (94208K), 3 survivors (3072K)
 Metaspace       used 67101K, capacity 68716K, committed 69068K, reserved 1110016K
  class space    used 8459K, capacity 9034K, committed 9164K, reserved 1048576K
}
Event: 6.461 GC heap after
{Heap after GC invocations=14 (full 0):
 garbage-first heap   total 312320K, used 57726K [0x0000000080000000, 0x0000000100000000)
  region size 1024K, 8 young (8192K), 8 survivors (8192K)
 Metaspace       used 67101K, capacity 68716K, committed 69068K, reserved 1110016K
  class space    used 8459K, capacity 9034K, committed 9164K, reserved 1048576K
}
Event: 8.778 GC heap before
{Heap before GC invocations=15 (full 0):
 garbage-first heap   total 312320K, used 182654K [0x0000000080000000, 0x0000000100000000)
  region size 1024K, 130 young (133120K), 8 survivors (8192K)
 Metaspace       used 77938K, capacity 79700K, committed 79820K, reserved 1118208K
  class space    used 10011K, capacity 10649K, committed 10700K, reserved 1048576K
}
Event: 8.790 GC heap after
{Heap after GC invocations=16 (full 0):
 garbage-first heap   total 312320K, used 66818K [0x0000000080000000, 0x0000000100000000)
  region size 1024K, 17 young (17408K), 17 survivors (17408K)
 Metaspace       used 77938K, capacity 79700K, committed 79820K, reserved 1118208K
  class space    used 10011K, capacity 10649K, committed 10700K, reserved 1048576K
}
Event: 10.638 GC heap before
{Heap before GC invocations=16 (full 0):
 garbage-first heap   total 312320K, used 203010K [0x0000000080000000, 0x0000000100000000)
  region size 1024K, 143 young (146432K), 17 survivors (17408K)
 Metaspace       used 86821K, capacity 88972K, committed 89292K, reserved 1126400K
  class space    used 11123K, capacity 11897K, committed 11980K, reserved 1048576K
}
Event: 10.657 GC heap after
{Heap after GC invocations=17 (full 0):
 garbage-first heap   total 312320K, used 77824K [0x0000000080000000, 0x0000000100000000)
  region size 1024K, 18 young (18432K), 18 survivors (18432K)
 Metaspace       used 86821K, capacity 88972K, committed 89292K, reserved 1126400K
  class space    used 11123K, capacity 11897K, committed 11980K, reserved 1048576K
}
Event: 12.176 GC heap before
{Heap before GC invocations=17 (full 0):
 garbage-first heap   total 312320K, used 206848K [0x0000000080000000, 0x0000000100000000)
  region size 1024K, 145 young (148480K), 18 survivors (18432K)
 Metaspace       used 89140K, capacity 91396K, committed 91724K, reserved 1128448K
  class space    used 11381K, capacity 12234K, committed 12364K, reserved 1048576K
}
Event: 12.196 GC heap after
{Heap after GC invocations=18 (full 0):
 garbage-first heap   total 312320K, used 87040K [0x0000000080000000, 0x0000000100000000)
  region size 1024K, 10 young (10240K), 10 survivors (10240K)
 Metaspace       used 89140K, capacity 91396K, committed 91724K, reserved 1128448K
  class space    used 11381K, capacity 12234K, committed 12364K, reserved 1048576K
}

